<?xml version="1.0" encoding="UTF-8"?>
<robot generator="Robot 7.2.2 (Python 3.13.2 on darwin)" generated="2025-05-21T15:42:24.787856" rpa="false" schemaversion="5">
<suite id="s1" name="Budget Request Tests" source="/Users/aompyc/Desktop/WORKDF/automate/testcaseMOI/testcases/budget_request_tests.robot">
<test id="s1-t1" name="Add New Budget Request" line="14">
<kw name="Open Login Page" owner="login_keywords">
<kw name="Open Browser" owner="SeleniumLibrary">
<msg time="2025-05-21T15:42:24.892808" level="INFO">Opening browser 'chrome' to base url 'https://uatplatform.moi.go.th/'.</msg>
<msg time="2025-05-21T15:42:25.042385" level="WARN">The chromedriver version (134.0.6998.88) detected in PATH at /opt/homebrew/bin/chromedriver might not be compatible with the detected chrome version (136.0.7103.114); currently, chromedriver 136.0.7103.94 is recommended for chrome 136.*, so it is advised to delete the driver in PATH and retry</msg>
<msg time="2025-05-21T15:42:26.228413" level="INFO">Cannot capture screenshot because no browser is open.</msg>
<msg time="2025-05-21T15:42:26.228834" level="FAIL">SessionNotCreatedException: Message: session not created: This version of ChromeDriver only supports Chrome version 134
Current browser version is 136.0.7103.114 with binary path /Applications/Google Chrome.app/Contents/MacOS/Google Chrome
Stacktrace:
0   chromedriver                        0x0000000105285804 cxxbridge1$str$ptr + 2785964
1   chromedriver                        0x000000010527dddc cxxbridge1$str$ptr + 2754692
2   chromedriver                        0x0000000104dd1ea8 cxxbridge1$string$len + 92928
3   chromedriver                        0x0000000104e0a3b8 cxxbridge1$string$len + 323600
4   chromedriver                        0x0000000104e09540 cxxbridge1$string$len + 319896
5   chromedriver                        0x0000000104e05434 cxxbridge1$string$len + 303244
6   chromedriver                        0x0000000104e015a0 cxxbridge1$string$len + 287224
7   chromedriver                        0x0000000104e46870 cxxbridge1$string$len + 570568
8   chromedriver                        0x0000000104e460e4 cxxbridge1$string$len + 568636
9   chromedriver                        0x0000000104e0d35c cxxbridge1$string$len + 335796
10  chromedriver                        0x000000010524acd4 cxxbridge1$str$ptr + 2545532
11  chromedriver                        0x000000010524dfa0 cxxbridge1$str$ptr + 2558536
12  chromedriver                        0x000000010522ad04 cxxbridge1$str$ptr + 2414508
13  chromedriver                        0x000000010524e800 cxxbridge1$str$ptr + 2560680
14  chromedriver                        0x000000010521bba0 cxxbridge1$str$ptr + 2352712
15  chromedriver                        0x000000010526e45c cxxbridge1$str$ptr + 2690820
16  chromedriver                        0x000000010526e5e4 cxxbridge1$str$ptr + 2691212
17  chromedriver                        0x000000010527da50 cxxbridge1$str$ptr + 2753784
18  libsystem_pthread.dylib             0x0000000181bbdc0c _pthread_start + 136
19  libsystem_pthread.dylib             0x0000000181bb8b80 thread_start + 8
</msg>
<arg>${LOGIN_URL}</arg>
<arg>chrome</arg>
<doc>Opens a new browser instance to the optional ``url``.</doc>
<status status="FAIL" start="2025-05-21T15:42:24.892698" elapsed="1.340731">SessionNotCreatedException: Message: session not created: This version of ChromeDriver only supports Chrome version 134
Current browser version is 136.0.7103.114 with binary path /Applications/Google Chrome.app/Contents/MacOS/Google Chrome
Stacktrace:
0   chromedriver                        0x0000000105285804 cxxbridge1$str$ptr + 2785964
1   chromedriver                        0x000000010527dddc cxxbridge1$str$ptr + 2754692
2   chromedriver                        0x0000000104dd1ea8 cxxbridge1$string$len + 92928
3   chromedriver                        0x0000000104e0a3b8 cxxbridge1$string$len + 323600
4   chromedriver                        0x0000000104e09540 cxxbridge1$string$len + 319896
5   chromedriver                        0x0000000104e05434 cxxbridge1$string$len + 303244
6   chromedriver                        0x0000000104e015a0 cxxbridge1$string$len + 287224
7   chromedriver                        0x0000000104e46870 cxxbridge1$strin...
    [ Message content over the limit has been removed. ]
...er                        0x0000000104e0d35c cxxbridge1$string$len + 335796
10  chromedriver                        0x000000010524acd4 cxxbridge1$str$ptr + 2545532
11  chromedriver                        0x000000010524dfa0 cxxbridge1$str$ptr + 2558536
12  chromedriver                        0x000000010522ad04 cxxbridge1$str$ptr + 2414508
13  chromedriver                        0x000000010524e800 cxxbridge1$str$ptr + 2560680
14  chromedriver                        0x000000010521bba0 cxxbridge1$str$ptr + 2352712
15  chromedriver                        0x000000010526e45c cxxbridge1$str$ptr + 2690820
16  chromedriver                        0x000000010526e5e4 cxxbridge1$str$ptr + 2691212
17  chromedriver                        0x000000010527da50 cxxbridge1$str$ptr + 2753784
18  libsystem_pthread.dylib             0x0000000181bbdc0c _pthread_start + 136
19  libsystem_pthread.dylib             0x0000000181bb8b80 thread_start + 8</status>
</kw>
<kw name="Maximize Browser Window" owner="SeleniumLibrary">
<doc>Maximizes current browser window.</doc>
<status status="NOT RUN" start="2025-05-21T15:42:26.233811" elapsed="0.000032"/>
</kw>
<status status="FAIL" start="2025-05-21T15:42:24.892288" elapsed="1.341688">SessionNotCreatedException: Message: session not created: This version of ChromeDriver only supports Chrome version 134
Current browser version is 136.0.7103.114 with binary path /Applications/Google Chrome.app/Contents/MacOS/Google Chrome
Stacktrace:
0   chromedriver                        0x0000000105285804 cxxbridge1$str$ptr + 2785964
1   chromedriver                        0x000000010527dddc cxxbridge1$str$ptr + 2754692
2   chromedriver                        0x0000000104dd1ea8 cxxbridge1$string$len + 92928
3   chromedriver                        0x0000000104e0a3b8 cxxbridge1$string$len + 323600
4   chromedriver                        0x0000000104e09540 cxxbridge1$string$len + 319896
5   chromedriver                        0x0000000104e05434 cxxbridge1$string$len + 303244
6   chromedriver                        0x0000000104e015a0 cxxbridge1$string$len + 287224
7   chromedriver                        0x0000000104e46870 cxxbridge1$strin...
    [ Message content over the limit has been removed. ]
...er                        0x0000000104e0d35c cxxbridge1$string$len + 335796
10  chromedriver                        0x000000010524acd4 cxxbridge1$str$ptr + 2545532
11  chromedriver                        0x000000010524dfa0 cxxbridge1$str$ptr + 2558536
12  chromedriver                        0x000000010522ad04 cxxbridge1$str$ptr + 2414508
13  chromedriver                        0x000000010524e800 cxxbridge1$str$ptr + 2560680
14  chromedriver                        0x000000010521bba0 cxxbridge1$str$ptr + 2352712
15  chromedriver                        0x000000010526e45c cxxbridge1$str$ptr + 2690820
16  chromedriver                        0x000000010526e5e4 cxxbridge1$str$ptr + 2691212
17  chromedriver                        0x000000010527da50 cxxbridge1$str$ptr + 2753784
18  libsystem_pthread.dylib             0x0000000181bbdc0c _pthread_start + 136
19  libsystem_pthread.dylib             0x0000000181bb8b80 thread_start + 8</status>
</kw>
<kw name="Input Credentials" owner="login_keywords">
<arg>${ORGPROV_USERNAME}</arg>
<arg>${ORGPROV_PASSWORD}</arg>
<status status="NOT RUN" start="2025-05-21T15:42:26.234253" elapsed="0.000036"/>
</kw>
<kw name="Verify Login Successful" owner="login_keywords">
<status status="NOT RUN" start="2025-05-21T15:42:26.234417" elapsed="0.000023"/>
</kw>
<kw name="Go To Budget Request Page" owner="Bg_step1_request_reason">
<doc>เข้าเมนูเพิ่มข้อมูลแบบคำขอ</doc>
<status status="NOT RUN" start="2025-05-21T15:42:26.234551" elapsed="0.000015"/>
</kw>
<for flavor="IN RANGE">
<iter>
<kw name="Click Add Budget Request" owner="Bg_step1_request_reason">
<doc>กดปุ่มเพิ่มข้อมูลแบบคำขอ</doc>
<status status="NOT RUN" start="2025-05-21T15:42:26.234837" elapsed="0.000062"/>
</kw>
<kw name="Fill Budget Request Form Part1" owner="Bg_step1_request_reason">
<doc>เพิ่ม tab1 ส่วนที่ 1 ข้อมูล</doc>
<status status="NOT RUN" start="2025-05-21T15:42:26.235058" elapsed="0.000014"/>
</kw>
<kw name="Fill Budget Request Form Part2" owner="Bg_step1_request_reason">
<doc>เพิ่ม tab1 ส่วนที่ 2 ข้อมูลผู้รับผิดชอบ</doc>
<status status="NOT RUN" start="2025-05-21T15:42:26.235148" elapsed="0.000012"/>
</kw>
<kw name="Fill Budget Request Form Part3" owner="Bg_step1_request_reason">
<doc>เพิ่ม tab1 ส่วนที่ 3 หลักการและเหตุผล</doc>
<status status="NOT RUN" start="2025-05-21T15:42:26.235220" elapsed="0.000013"/>
</kw>
<kw name="Fill Budget Request Form Part4" owner="Bg_step1_request_reason">
<doc>เพิ่ม tab1 ส่วนที่ 4 สรุปสาระสำคัญ</doc>
<status status="NOT RUN" start="2025-05-21T15:42:26.235294" elapsed="0.000012"/>
</kw>
<kw name="Click Next Button Tab1" owner="Bg_step1_request_reason">
<status status="NOT RUN" start="2025-05-21T15:42:26.235359" elapsed="0.000011"/>
</kw>
<kw name="Fill Tab2 Part1" owner="Bg_step2_general_info">
<doc>เพิ่ม tab2 ส่วนที่ 1 ข้อมูลทั่วไปโครงการ</doc>
<status status="NOT RUN" start="2025-05-21T15:42:26.235446" elapsed="0.000010"/>
</kw>
<kw name="Fill Tab2 Part2" owner="Bg_step2_general_info">
<status status="NOT RUN" start="2025-05-21T15:42:26.235577" elapsed="0.000019"/>
</kw>
<kw name="Fill Tab2 Part3" owner="Bg_step2_general_info">
<status status="NOT RUN" start="2025-05-21T15:42:26.235667" elapsed="0.000013"/>
</kw>
<kw name="Fill Tab2 Part4" owner="Bg_step2_general_info">
<status status="NOT RUN" start="2025-05-21T15:42:26.235824" elapsed="0.000018"/>
</kw>
<kw name="Click Next Button Tab2" owner="Bg_step2_general_info">
<status status="NOT RUN" start="2025-05-21T15:42:26.235916" elapsed="0.000013"/>
</kw>
<for flavor="IN RANGE">
<iter>
<kw name="Fill Tab3" owner="Bg_step3_operation_plan">
<doc>กดปุ่มเพิ่มข้อมูลแนวทางการดำเนินงาน</doc>
<status status="NOT RUN" start="2025-05-21T15:42:26.236067" elapsed="0.000014"/>
</kw>
<kw name="Add SubActivity" owner="Bg_step3_operation_plan">
<status status="NOT RUN" start="2025-05-21T15:42:26.236136" elapsed="0.000012"/>
</kw>
<for flavor="IN RANGE">
<iter>
<kw name="Get Budget Info" owner="Bg_step3_operation_plan">
<var>${budgetType}</var>
<var>${paymentGruop}</var>
<var>${paymentType}</var>
<var>${amount}</var>
<arg>${index}</arg>
<status status="NOT RUN" start="2025-05-21T15:42:26.236279" elapsed="0.000013"/>
</kw>
<kw name="Select Budget and Payment Type" owner="Bg_step3_operation_plan">
<arg>${budgetType}</arg>
<arg>${paymentGruop}</arg>
<arg>${paymentType}</arg>
<arg>${index}</arg>
<status status="NOT RUN" start="2025-05-21T15:42:26.236357" elapsed="0.000012"/>
</kw>
<kw name="Add Budget Item" owner="Bg_step3_operation_plan">
<status status="NOT RUN" start="2025-05-21T15:42:26.236417" elapsed="0.000010"/>
</kw>
<kw name="Fill Amount and Explanation" owner="Bg_step3_operation_plan">
<arg>${index}</arg>
<arg>${amount}</arg>
<status status="NOT RUN" start="2025-05-21T15:42:26.236472" elapsed="0.000012"/>
</kw>
<var name="${index}"/>
<status status="NOT RUN" start="2025-05-21T15:42:26.236196" elapsed="0.000303"/>
</iter>
<var>${index}</var>
<value>1</value>
<status status="NOT RUN" start="2025-05-21T15:42:26.236168" elapsed="0.000355"/>
</for>
<kw name="Save SubActivity" owner="Bg_step3_operation_plan">
<status status="NOT RUN" start="2025-05-21T15:42:26.236585" elapsed="0.000011"/>
</kw>
<kw name="Save Procedure" owner="Bg_step3_operation_plan">
<status status="NOT RUN" start="2025-05-21T15:42:26.236642" elapsed="0.000011"/>
</kw>
<var name="${index}"/>
<status status="NOT RUN" start="2025-05-21T15:42:26.236012" elapsed="0.000654"/>
</iter>
<var>${index}</var>
<value>1</value>
<status status="NOT RUN" start="2025-05-21T15:42:26.235955" elapsed="0.000729"/>
</for>
<kw name="Click Next Button Tab3" owner="Bg_step3_operation_plan">
<status status="NOT RUN" start="2025-05-21T15:42:26.236742" elapsed="0.000012"/>
</kw>
<kw name="Fill Tab4 Part1" owner="Bg_step4_project_readiness">
<doc>เพิ่ม tab4 ส่วนที่ 1 ความพร้อมของโครงการ</doc>
<status status="NOT RUN" start="2025-05-21T15:42:26.236804" elapsed="0.000011"/>
</kw>
<kw name="Fill Tab4 Part2" owner="Bg_step4_project_readiness">
<status status="NOT RUN" start="2025-05-21T15:42:26.236904" elapsed="0.000012"/>
</kw>
<kw name="Fill Tab4 Part3" owner="Bg_step4_project_readiness">
<status status="NOT RUN" start="2025-05-21T15:42:26.236973" elapsed="0.000011"/>
</kw>
<kw name="Click Next Button Tab4" owner="Bg_step4_project_readiness">
<status status="NOT RUN" start="2025-05-21T15:42:26.237028" elapsed="0.000011"/>
</kw>
<kw name="Fill Tab5" owner="Bg_step5_project_status">
<doc>เพิ่ม tab5 สถานะโครงการ</doc>
<status status="NOT RUN" start="2025-05-21T15:42:26.237088" elapsed="0.000014"/>
</kw>
<kw name="Click Submit Button" owner="Bg_step5_project_status">
<status status="NOT RUN" start="2025-05-21T15:42:26.237157" elapsed="0.000011"/>
</kw>
<var name="${index}"/>
<status status="NOT RUN" start="2025-05-21T15:42:26.234763" elapsed="0.002418"/>
</iter>
<var>${index}</var>
<value>1</value>
<status status="NOT RUN" start="2025-05-21T15:42:26.234633" elapsed="0.002565"/>
</for>
<kw name="Close Browser" owner="SeleniumLibrary">
<doc>Closes the current browser.</doc>
<status status="NOT RUN" start="2025-05-21T15:42:26.237292" elapsed="0.000012"/>
</kw>
<doc>เพิ่มข้อมูลแบบคำขอ</doc>
<status status="FAIL" start="2025-05-21T15:42:24.891507" elapsed="1.345941">SessionNotCreatedException: Message: session not created: This version of ChromeDriver only supports Chrome version 134
Current browser version is 136.0.7103.114 with binary path /Applications/Google Chrome.app/Contents/MacOS/Google Chrome
Stacktrace:
0   chromedriver                        0x0000000105285804 cxxbridge1$str$ptr + 2785964
1   chromedriver                        0x000000010527dddc cxxbridge1$str$ptr + 2754692
2   chromedriver                        0x0000000104dd1ea8 cxxbridge1$string$len + 92928
3   chromedriver                        0x0000000104e0a3b8 cxxbridge1$string$len + 323600
4   chromedriver                        0x0000000104e09540 cxxbridge1$string$len + 319896
5   chromedriver                        0x0000000104e05434 cxxbridge1$string$len + 303244
6   chromedriver                        0x0000000104e015a0 cxxbridge1$string$len + 287224
7   chromedriver                        0x0000000104e46870 cxxbridge1$strin...
    [ Message content over the limit has been removed. ]
...er                        0x0000000104e0d35c cxxbridge1$string$len + 335796
10  chromedriver                        0x000000010524acd4 cxxbridge1$str$ptr + 2545532
11  chromedriver                        0x000000010524dfa0 cxxbridge1$str$ptr + 2558536
12  chromedriver                        0x000000010522ad04 cxxbridge1$str$ptr + 2414508
13  chromedriver                        0x000000010524e800 cxxbridge1$str$ptr + 2560680
14  chromedriver                        0x000000010521bba0 cxxbridge1$str$ptr + 2352712
15  chromedriver                        0x000000010526e45c cxxbridge1$str$ptr + 2690820
16  chromedriver                        0x000000010526e5e4 cxxbridge1$str$ptr + 2691212
17  chromedriver                        0x000000010527da50 cxxbridge1$str$ptr + 2753784
18  libsystem_pthread.dylib             0x0000000181bbdc0c _pthread_start + 136
19  libsystem_pthread.dylib             0x0000000181bb8b80 thread_start + 8</status>
</test>
<doc>Test cases for Budget Request Functionality</doc>
<status status="FAIL" start="2025-05-21T15:42:24.788586" elapsed="1.449199"/>
</suite>
<statistics>
<total>
<stat pass="0" fail="1" skip="0">All Tests</stat>
</total>
<tag>
</tag>
<suite>
<stat name="Budget Request Tests" id="s1" pass="0" fail="1" skip="0">Budget Request Tests</stat>
</suite>
</statistics>
<errors>
<msg time="2025-05-21T15:42:25.042385" level="WARN">The chromedriver version (134.0.6998.88) detected in PATH at /opt/homebrew/bin/chromedriver might not be compatible with the detected chrome version (136.0.7103.114); currently, chromedriver 136.0.7103.94 is recommended for chrome 136.*, so it is advised to delete the driver in PATH and retry</msg>
</errors>
</robot>
